===================================================================================
SLURM Job ID:            12068413
Submit time:             Wed May 14 16:27:28 BST 2025 (Unix Epoch time: 1747236448)
Start time:              Wed May 14 16:27:29 BST 2025 (Unix Epoch time: 1747236449)
No. nodes:               1
No. tasks:               16
Job name:                PH510Assignment4
Account:                 teaching
QoS:                     teaching
Partition (queue):       teaching
Submit directory:        /users/xgb19123/PH510hub/Project4
Script name:             /users/xgb19123/PH510hub/Project4/BIGwalk.sh
Master node:             wee10
Nodes used:              wee10
Task distribution:       block:block
===================================================================================

TRYING FINER GRID SPACING
For i = 5.0cm and j = 5.0cm:
[[0. 0. 0. ... 0. 0. 0.]
 [0. 0. 0. ... 0. 0. 0.]
 [0. 0. 0. ... 0. 0. 0.]
 ...
 [0. 0. 0. ... 0. 0. 0.]
 [0. 0. 0. ... 0. 0. 0.]
 [0. 0. 0. ... 0. 0. 0.]]
Average error: 3.583483766174242e-06 

Potential
Task 4.1a: All boundaries 1V :                 potential = 1.000000
Task 4.1b: T:1V, B:1V, L:-1V, R:-1V :                 potential = -0.002500
Task 4.1c: T:2V, B:0V, L:2V, R:-4V :                 potential = 0.037500

Task 4.1a boundaries and uniform grid :                 1.000000
Task 4.1b boundaries and uniform grid :                 -0.002500
Task 4.1c boundaries and uniform grid :                 0.037500

Task 4.1a boundaries and uniform gradient :                 1.000000
Task 4.1b boundaries and uniform gradient :                 -0.002500
Task 4.1c boundaries and uniform gradient :                 0.037500

Task 4.1a boundaries and point charge at centre :                 1.000000
Task 4.1b boundaries and point charge at centre :                 -0.002500
Task 4.1c boundaries and point charge at centre :                 0.037500



For i = 2.5cm and j = 2.5cm:
[[0. 0. 0. ... 0. 0. 0.]
 [0. 0. 0. ... 0. 0. 0.]
 [0. 0. 0. ... 0. 0. 0.]
 ...
 [0. 0. 0. ... 0. 0. 0.]
 [0. 0. 0. ... 0. 0. 0.]
 [0. 0. 0. ... 0. 0. 0.]]
Average error: 3.144007875999306e-06 

Potential
Task 4.1a: All boundaries 1V :                 potential = 1.000000
Task 4.1b: T:1V, B:1V, L:-1V, R:-1V :                 potential = -0.025000
Task 4.1c: T:2V, B:0V, L:2V, R:-4V :                 potential = 1.473750

Task 4.1a boundaries and uniform grid :                 1.000000
Task 4.1b boundaries and uniform grid :                 -0.025000
Task 4.1c boundaries and uniform grid :                 1.473750

Task 4.1a boundaries and uniform gradient :                 1.000000
Task 4.1b boundaries and uniform gradient :                 -0.025000
Task 4.1c boundaries and uniform gradient :                 1.473750

Task 4.1a boundaries and point charge at centre :                 1.000000
Task 4.1b boundaries and point charge at centre :                 -0.025000
Task 4.1c boundaries and point charge at centre :                 1.473750



For i = 0.1cm and j = 2.5cm:
[[0. 0. 0. ... 0. 0. 0.]
 [0. 0. 0. ... 0. 0. 0.]
 [0. 0. 0. ... 0. 0. 0.]
 ...
 [0. 0. 0. ... 0. 0. 0.]
 [0. 0. 0. ... 0. 0. 0.]
 [0. 0. 0. ... 0. 0. 0.]]
Average error: 1.420855198165302e-06 

Potential
Task 4.1a: All boundaries 1V :                 potential = 1.000000
Task 4.1b: T:1V, B:1V, L:-1V, R:-1V :                 potential = 0.947500
Task 4.1c: T:2V, B:0V, L:2V, R:-4V :                 potential = 1.970000

Task 4.1a boundaries and uniform grid :                 1.000000
Task 4.1b boundaries and uniform grid :                 0.947500
Task 4.1c boundaries and uniform grid :                 1.970000

Task 4.1a boundaries and uniform gradient :                 1.000000
Task 4.1b boundaries and uniform gradient :                 0.947500
Task 4.1c boundaries and uniform gradient :                 1.970000

Task 4.1a boundaries and point charge at centre :                 1.000000
Task 4.1b boundaries and point charge at centre :                 0.947500
Task 4.1c boundaries and point charge at centre :                 1.970000



For i = 0.1cm and j = 0.1cm:
[[0.       0.018125 0.02625  ... 0.       0.       0.      ]
 [0.01     0.       0.       ... 0.       0.       0.      ]
 [0.024375 0.       0.       ... 0.       0.       0.      ]
 ...
 [0.       0.       0.       ... 0.       0.       0.      ]
 [0.       0.       0.       ... 0.       0.       0.      ]
 [0.       0.       0.       ... 0.       0.       0.      ]]
Average error: 1.086659291816351e-06 

Potential
Task 4.1a: All boundaries 1V :                 potential = 1.000000
Task 4.1b: T:1V, B:1V, L:-1V, R:-1V :                 potential = -0.007500
Task 4.1c: T:2V, B:0V, L:2V, R:-4V :                 potential = 1.995000

Task 4.1a boundaries and uniform grid :                 1.000000
Task 4.1b boundaries and uniform grid :                 -0.007500
Task 4.1c boundaries and uniform grid :                 1.995000

Task 4.1a boundaries and uniform gradient :                 1.000000
Task 4.1b boundaries and uniform gradient :                 -0.007500
Task 4.1c boundaries and uniform gradient :                 1.995000

Task 4.1a boundaries and point charge at centre :                 1.000000
Task 4.1b boundaries and point charge at centre :                 -0.007500
Task 4.1c boundaries and point charge at centre :                 1.995000



===================================================================================
SLURM job 12068413 ended:     Wed May 14 16:29:08 BST 2025 (Unix Epoch time: 1747236548)
This is an estimated end time using the 'date' command from node wee10.hpc.strath.ac.uk
For accurate timings, use 'sacct -j 12068413 -X --format=Submit,Start,End,Elapsed'
======================================================================================
