===================================================================================
SLURM Job ID:            12013172
Submit time:             Sun May 11 23:48:29 BST 2025 (Unix Epoch time: 1747003709)
Start time:              Sun May 11 23:49:51 BST 2025 (Unix Epoch time: 1747003791)
No. nodes:               1
No. tasks:               1
Job name:                PH510Assignment4
Account:                 teaching
QoS:                     teaching
Partition (queue):       teaching
Submit directory:        /users/xgb19123/PH510hub/Project4
Script name:             /users/xgb19123/PH510hub/Project4/over.sh
Master node:             wee12
Nodes used:              wee12
Task distribution:       block:block
===================================================================================

Task 4a)
in 938 iterations
point (5,5)cm 0.7806114146319729
point (2.5,2.5)cm 0.8876333834230035
point (0.1,2.5)cm 0.9949206304230405
point (0.1,0.1cm) 0.9997705809717462
Task 4b)
we ran out of time!
point (5,5)cm 6.086989669013143e-13
point (2.5,2.5)cm 3.1483597085690247e-13
point (0.1,2.5)cm 0.9481284642481718
point (0.1,0.1cm) 6.661338147750939e-16
Task 4c)
we ran out of time!
point (5,5)cm 6.826318810673714e-13
point (2.5,2.5)cm 1.4561752900791398
point (0.1,2.5)cm 1.9768355861450897
point (0.1,0.1cm) 1.999124514425918
UNIFORM GRID
condition a
in 2019 iterations
point (5,5)cm 3.7579416571202424
point (2.5,2.5)cm 2.7195159362693473
point (0.1,2.5)cm 1.1069992974644431
point (0.1,0.1cm) 1.0109601114761222
condition b
in 2518 iterations
point (5,5)cm 2.9310245323859583
point (2.5,2.5)cm 1.809011503220906
point (0.1,2.5)cm 1.0591692625605889
point (0.1,0.1cm) 0.011142611285797858
condition c
in 8241 iterations
point (5,5)cm 3.0064259836851006
point (2.5,2.5)cm 3.304221220081872
point (0.1,2.5)cm 2.089639510916036
point (0.1,0.1cm) 2.010346770693287
GRADIENT
condition a
in 3100 iterations
point (5,5)cm 1452.7753631229725
point (2.5,2.5)cm 1143.1984581350428
point (0.1,2.5)cm 84.05262532502313
point (0.1,0.1cm) 10.518377377807717
condition b
in 3100 iterations
point (5,5)cm 1451.7968215716369
point (2.5,2.5)cm 1142.2095662109607
point (0.1,2.5)cm 84.00125555472214
point (0.1,0.1cm) 9.518400041783314
condition c
in 3093 iterations
point (5,5)cm 1451.5870411248316
point (2.5,2.5)cm 1143.5569782890325
point (0.1,2.5)cm 85.02504701119734
point (0.1,0.1cm) 11.517302476943488
DECAY
condition a
in 1702 iterations
point (5,5)cm 6.705365519045042
point (2.5,2.5)cm 1.4421291256216962
point (0.1,2.5)cm 1.0161306706958875
point (0.1,0.1cm) 1.0006336964042555
condition b
in 7723 iterations
point (5,5)cm 5.93146976239695
point (2.5,2.5)cm 0.5590519739896873
point (0.1,2.5)cm 0.9695392375795822
point (0.1,0.1cm) 0.0008721336983778794
condition c
in 8212 iterations
point (5,5)cm 5.931479067527149
point (2.5,2.5)cm 2.015232081916
point (0.1,2.5)cm 1.998246577108914
point (0.1,0.1cm) 1.9999966579552133
===================================================================================
SLURM job 12013172 ended:     Mon May 12 01:05:43 BST 2025 (Unix Epoch time: 1747008343)
This is an estimated end time using the 'date' command from node wee12.hpc.strath.ac.uk
For accurate timings, use 'sacct -j 12013172 -X --format=Submit,Start,End,Elapsed'
======================================================================================
