===================================================================================
SLURM Job ID:            12013171
Submit time:             Sun May 11 23:48:28 BST 2025 (Unix Epoch time: 1747003708)
Start time:              Sun May 11 23:49:51 BST 2025 (Unix Epoch time: 1747003791)
No. nodes:               1
No. tasks:               1
Job name:                PH510Assignment4
Account:                 teaching
QoS:                     teaching
Partition (queue):       teaching
Submit directory:        /users/xgb19123/PH510hub/Project4
Script name:             /users/xgb19123/PH510hub/Project4/rel.sh
Master node:             wee12
Nodes used:              wee12
Task distribution:       block:block
===================================================================================

Task 4a)
in 6562 iterations
point (5,5)cm 0.9685081494333436
point (2.5,2.5)cm 0.9842581705858746
point (0.1,2.5)cm 0.9993007428122298
point (0.1,0.1cm) 0.9999689403638303
Task 4b)
we ran out of time!
point (5,5)cm 4.115932402979699e-05
point (2.5,2.5)cm 2.057966208678791e-05
point (0.1,2.5)cm 0.9481293784280577
point (0.1,0.1cm) 4.0609262175195227e-08
Task 4c)
we ran out of time!
point (5,5)cm 4.1592563822107076e-05
point (2.5,2.5)cm 1.456196086325801
point (0.1,2.5)cm 1.9768365099458454
point (0.1,0.1cm) 1.9991245554625314
UNIFORM GRID
condition a
in 7274 iterations
point (5,5)cm 0.9774363582042633
point (2.5,2.5)cm 0.9887188821279413
point (0.1,2.5)cm 0.9994988788575625
point (0.1,0.1cm) 0.9999777416753717
condition b
we ran out of time!
point (5,5)cm 4.178490333582432e-05
point (2.5,2.5)cm 2.0978659943758374e-05
point (0.1,2.5)cm 0.9481294038298815
point (0.1,0.1cm) 4.329048325047539e-08
condition c
we ran out of time!
point (5,5)cm 4.254967490141042e-05
point (2.5,2.5)cm 1.4561966510895765
point (0.1,2.5)cm 1.9768365427112413
point (0.1,0.1cm) 1.9991245584708532
GRADIENT
condition a
in 8114 iterations
point (5,5)cm 0.9853520332742493
point (2.5,2.5)cm 0.9927799341384445
point (0.1,2.5)cm 0.9996873493088071
point (0.1,0.1cm) 0.9999875689553355
condition b
we ran out of time!
point (5,5)cm 0.00041001870737200033
point (2.5,2.5)cm 0.00030918374873084787
point (0.1,2.5)cm 0.9481502793856471
point (0.1,0.1cm) 2.426419506005889e-06
condition c
we ran out of time!
point (5,5)cm 0.00040967369648534774
point (2.5,2.5)cm 1.4564843012869455
point (0.1,2.5)cm 1.9768573936178848
point (0.1,0.1cm) 1.9991269405049246
DECAY
condition a
in 7510 iterations
point (5,5)cm 0.9803897598516346
point (2.5,2.5)cm 0.9901937738258964
point (0.1,2.5)cm 0.9995643844980806
point (0.1,0.1cm) 0.9999806491786154
condition b
we ran out of time!
point (5,5)cm 4.377482259502317e-05
point (2.5,2.5)cm 2.1285740498817873e-05
point (0.1,2.5)cm 0.9481294089373459
point (0.1,0.1cm) 4.194478975261262e-08
condition c
we ran out of time!
point (5,5)cm 4.2936226753284664e-05
point (2.5,2.5)cm 1.4561961564862873
point (0.1,2.5)cm 1.976836512206689
point (0.1,0.1cm) 1.99912455554322
===================================================================================
SLURM job 12013171 ended:     Mon May 12 02:37:11 BST 2025 (Unix Epoch time: 1747013831)
This is an estimated end time using the 'date' command from node wee12.hpc.strath.ac.uk
For accurate timings, use 'sacct -j 12013171 -X --format=Submit,Start,End,Elapsed'
======================================================================================
