===================================================================================
SLURM Job ID:            12011489
Submit time:             Sun May 11 01:09:07 BST 2025 (Unix Epoch time: 1746922147)
Start time:              Sun May 11 01:09:07 BST 2025 (Unix Epoch time: 1746922147)
No. nodes:               1
No. tasks:               4
Job name:                PH510Assignment4
Account:                 teaching
QoS:                     teaching
Partition (queue):       teaching
Submit directory:        /users/xgb19123/PH510hub/Project4
Script name:             /users/xgb19123/PH510hub/Project4/mc.sh
Master node:             wee09
Nodes used:              wee09
Task distribution:       block:block
===================================================================================

For i = 50 and j = 50, boundary probability grid is:
[[0.    0.    0.    ... 0.    0.    0.   ]
 [0.    0.    0.    ... 0.    0.    0.   ]
 [0.    0.    0.    ... 0.    0.    0.   ]
 ...
 [0.    0.    0.    ... 0.    0.    0.   ]
 [0.    0.    0.    ... 0.    0.    0.001]
 [0.    0.    0.    ... 0.001 0.    0.   ]]
Potential
Task 4.1a: All boundaries 1V :                 potential =    1
Task 4.1b: T:1V, B:1V, L:-1V, R:-1V :                 potential = 0.004
Task 4.1c: T:2V, B:2V, L:0V, R:-4V :                 potential = 0.028
Task 4.1a boundaries and uniform grid :                    1
Task 4.1b boundaries and uniform grid :                 0.00400003
Task 4.1c boundaries and uniform grid :                 0.028


For i = 25 and j = 25, boundary probability grid is:
[[0.    0.    0.    ... 0.    0.001 0.   ]
 [0.    0.    0.    ... 0.    0.    0.   ]
 [0.001 0.    0.    ... 0.    0.    0.   ]
 ...
 [0.    0.    0.    ... 0.    0.    0.001]
 [0.    0.    0.    ... 0.    0.    0.   ]
 [0.    0.    0.    ... 0.    0.    0.   ]]
Potential
Task 4.1a: All boundaries 1V :                 potential =    1
Task 4.1b: T:1V, B:1V, L:-1V, R:-1V :                 potential = -0.028
Task 4.1c: T:2V, B:2V, L:0V, R:-4V :                 potential =  0.7
Task 4.1a boundaries and uniform grid :                    1
Task 4.1b boundaries and uniform grid :                 -0.028
Task 4.1c boundaries and uniform grid :                  0.7


For i = 1 and j = 25, boundary probability grid is:
[[0.    0.    0.    ... 0.    0.    0.   ]
 [0.001 0.    0.    ... 0.    0.    0.   ]
 [0.    0.    0.    ... 0.    0.    0.   ]
 ...
 [0.    0.    0.    ... 0.    0.    0.   ]
 [0.    0.    0.    ... 0.    0.    0.   ]
 [0.    0.    0.    ... 0.    0.    0.   ]]
Potential
Task 4.1a: All boundaries 1V :                 potential =    1
Task 4.1b: T:1V, B:1V, L:-1V, R:-1V :                 potential = 0.962
Task 4.1c: T:2V, B:2V, L:0V, R:-4V :                 potential = 1.954
Task 4.1a boundaries and uniform grid :                    1
Task 4.1b boundaries and uniform grid :                 0.962
Task 4.1c boundaries and uniform grid :                 1.954


For i = 1 and j = 1, boundary probability grid is:
/users/xgb19123/PH510hub/Project4/monte_carlo.py:165: RuntimeWarning: invalid value encountered in sqrt
  final_error = prefactor1*np.sqrt(final_var)  # our error
/users/xgb19123/PH510hub/Project4/monte_carlo.py:165: RuntimeWarning: invalid value encountered in sqrt
  final_error = prefactor1*np.sqrt(final_var)  # our error
/users/xgb19123/PH510hub/Project4/monte_carlo.py:165: RuntimeWarning: invalid value encountered in sqrt
  final_error = prefactor1*np.sqrt(final_var)  # our error
[[0.    0.275 0.098 ... 0.    0.    0.   ]
 [0.312 0.    0.    ... 0.    0.    0.   ]
 [0.117 0.    0.    ... 0.    0.    0.   ]
 ...
 [0.    0.    0.    ... 0.    0.    0.   ]
 [0.    0.    0.    ... 0.    0.    0.   ]
 [0.    0.    0.    ... 0.    0.    0.   ]]
Potential
Task 4.1a: All boundaries 1V :                 potential =    1
Task 4.1b: T:1V, B:1V, L:-1V, R:-1V :                 potential = -0.058
Task 4.1c: T:2V, B:2V, L:0V, R:-4V :                 potential = 0.942
/users/xgb19123/PH510hub/Project4/monte_carlo.py:165: RuntimeWarning: invalid value encountered in sqrt
  final_error = prefactor1*np.sqrt(final_var)  # our error
Task 4.1a boundaries and uniform grid :                    1
Task 4.1b boundaries and uniform grid :                 -0.058
Task 4.1c boundaries and uniform grid :                 0.942


===================================================================================
SLURM job 12011489 ended:     Sun May 11 01:08:05 BST 2025 (Unix Epoch time: 1746922085)
This is an estimated end time using the 'date' command from node wee09.hpc.strath.ac.uk
For accurate timings, use 'sacct -j 12011489 -X --format=Submit,Start,End,Elapsed'
======================================================================================
