===================================================================================
SLURM Job ID:            12007918
Submit time:             Wed May 07 22:36:49 BST 2025 (Unix Epoch time: 1746653809)
Start time:              Wed May 07 22:36:49 BST 2025 (Unix Epoch time: 1746653809)
No. nodes:               1
No. tasks:               4
Job name:                PH510Assignment4
Account:                 teaching
QoS:                     teaching
Partition (queue):       teaching
Submit directory:        /users/xgb19123/PH510hub/Project4
Script name:             /users/xgb19123/PH510hub/Project4/mc.sh
Master node:             wee09
Nodes used:              wee09
Task distribution:       block:block
===================================================================================

For i = 50 and j = 50, boundary probability grid is:
[[0.     0.0002 0.     ... 0.0003 0.     0.    ]
 [0.0001 0.     0.     ... 0.     0.     0.    ]
 [0.0002 0.     0.     ... 0.     0.     0.0002]
 ...
 [0.0005 0.     0.     ... 0.     0.     0.0003]
 [0.0001 0.     0.     ... 0.     0.     0.0001]
 [0.     0.     0.0002 ... 0.     0.0002 0.    ]]
Sanity check: sum of boundary probability is 1.0000000000000002


For i = 25 and j = 25, boundary probability grid is:
[[0.     0.0008 0.0008 ... 0.     0.     0.    ]
 [0.0005 0.     0.     ... 0.     0.     0.0001]
 [0.0009 0.     0.     ... 0.     0.     0.    ]
 ...
 [0.0002 0.     0.     ... 0.     0.     0.    ]
 [0.     0.     0.     ... 0.     0.     0.    ]
 [0.     0.0001 0.0002 ... 0.     0.     0.    ]]
Sanity check: sum of boundary probability is 1.0


For i = 1 and j = 25, boundary probability grid is:
[[0.     0.0002 0.0001 ... 0.     0.     0.    ]
 [0.0001 0.     0.     ... 0.     0.     0.    ]
 [0.0002 0.     0.     ... 0.     0.     0.    ]
 ...
 [0.     0.     0.     ... 0.     0.     0.    ]
 [0.     0.     0.     ... 0.     0.     0.    ]
 [0.     0.     0.     ... 0.     0.     0.    ]]
Sanity check: sum of boundary probability is 0.9999999999999999


For i = 1 and j = 1, boundary probability grid is:
/users/xgb19123/PH510hub/Project4/monte_carlo.py:165: RuntimeWarning: invalid value encountered in sqrt
  final_error = prefactor1*np.sqrt(final_var)  # our error
/users/xgb19123/PH510hub/Project4/monte_carlo.py:165: RuntimeWarning: invalid value encountered in sqrt
  final_error = prefactor1*np.sqrt(final_var)  # our error
/users/xgb19123/PH510hub/Project4/monte_carlo.py:165: RuntimeWarning: invalid value encountered in sqrt
  final_error = prefactor1*np.sqrt(final_var)  # our error
[[0.     0.3032 0.1121 ... 0.     0.     0.    ]
 [0.2992 0.     0.     ... 0.     0.     0.    ]
 [0.1043 0.     0.     ... 0.     0.     0.    ]
 ...
 [0.     0.     0.     ... 0.     0.     0.    ]
 [0.     0.     0.     ... 0.     0.     0.    ]
 [0.     0.     0.     ... 0.     0.     0.    ]]
Sanity check: sum of boundary probability is 1.0


/users/xgb19123/PH510hub/Project4/monte_carlo.py:165: RuntimeWarning: invalid value encountered in sqrt
  final_error = prefactor1*np.sqrt(final_var)  # our error
===================================================================================
SLURM job 12007918 ended:     Wed May 07 22:41:22 BST 2025 (Unix Epoch time: 1746654082)
This is an estimated end time using the 'date' command from node wee09.hpc.strath.ac.uk
For accurate timings, use 'sacct -j 12007918 -X --format=Submit,Start,End,Elapsed'
======================================================================================
