===================================================================================
SLURM Job ID:            12012844
Submit time:             Sun May 11 20:26:57 BST 2025 (Unix Epoch time: 1746991617)
Start time:              Sun May 11 20:27:50 BST 2025 (Unix Epoch time: 1746991670)
No. nodes:               1
No. tasks:               4
Job name:                PH510Assignment4
Account:                 teaching
QoS:                     teaching
Partition (queue):       teaching
Submit directory:        /users/xgb19123/PH510hub/Project4
Script name:             /users/xgb19123/PH510hub/Project4/mc.sh
Master node:             wee12
Nodes used:              wee12
Task distribution:       block:block
===================================================================================

For i = 0.5m and j = 0.5m:
[[0. 0. 0. ... 0. 0. 0.]
 [0. 0. 0. ... 0. 0. 0.]
 [0. 0. 0. ... 0. 0. 0.]
 ...
 [0. 0. 0. ... 0. 0. 0.]
 [0. 0. 0. ... 0. 0. 0.]
 [0. 0. 0. ... 0. 0. 0.]]
Potential
Task 4.1a: All boundaries 1V :                 potential = 1.000000
Task 4.1b: T:1V, B:1V, L:-1V, R:-1V :                 potential = 0.076000
Task 4.1c: T:2V, B:0V, L:2V, R:-4V :                 potential = 0.108000

Task 4.1a boundaries and uniform grid :                 1.000284
Task 4.1b boundaries and uniform grid :                 0.076284
Task 4.1c boundaries and uniform grid :                 0.108284

Task 4.1a boundaries and uniform gradient :                 1.000014
Task 4.1b boundaries and uniform gradient :                 0.076014
Task 4.1c boundaries and uniform gradient :                 0.108014

Task 4.1a boundaries and point charge at centre :                 1.000226
Task 4.1b boundaries and point charge at centre :                 0.076226
Task 4.1c boundaries and point charge at centre :                 0.108226



For i = 0.25m and j = 0.25m:
[[0.    0.001 0.003 ... 0.    0.    0.   ]
 [0.001 0.    0.    ... 0.    0.    0.   ]
 [0.    0.    0.    ... 0.    0.    0.   ]
 ...
 [0.    0.    0.    ... 0.    0.    0.   ]
 [0.001 0.    0.    ... 0.    0.    0.   ]
 [0.    0.    0.    ... 0.    0.    0.   ]]
Potential
Task 4.1a: All boundaries 1V :                 potential = 1.000000
Task 4.1b: T:1V, B:1V, L:-1V, R:-1V :                 potential = -0.042000
Task 4.1c: T:2V, B:0V, L:2V, R:-4V :                 potential = 1.458000

Task 4.1a boundaries and uniform grid :                 1.000180
Task 4.1b boundaries and uniform grid :                 -0.041820
Task 4.1c boundaries and uniform grid :                 1.458180

Task 4.1a boundaries and uniform gradient :                 1.000011
Task 4.1b boundaries and uniform gradient :                 -0.041989
Task 4.1c boundaries and uniform gradient :                 1.458011

Task 4.1a boundaries and point charge at centre :                 1.000031
Task 4.1b boundaries and point charge at centre :                 -0.041969
Task 4.1c boundaries and point charge at centre :                 1.458031



For i = 0.01m and j = 0.25m:
[[0. 0. 0. ... 0. 0. 0.]
 [0. 0. 0. ... 0. 0. 0.]
 [0. 0. 0. ... 0. 0. 0.]
 ...
 [0. 0. 0. ... 0. 0. 0.]
 [0. 0. 0. ... 0. 0. 0.]
 [0. 0. 0. ... 0. 0. 0.]]
Potential
Task 4.1a: All boundaries 1V :                 potential = 1.000000
Task 4.1b: T:1V, B:1V, L:-1V, R:-1V :                 potential = 0.900000
Task 4.1c: T:2V, B:0V, L:2V, R:-4V :                 potential = 1.934000

Task 4.1a boundaries and uniform grid :                 1.000023
Task 4.1b boundaries and uniform grid :                 0.900023
Task 4.1c boundaries and uniform grid :                 1.934023

Task 4.1a boundaries and uniform gradient :                 1.000002
Task 4.1b boundaries and uniform gradient :                 0.900002
Task 4.1c boundaries and uniform gradient :                 1.934002

Task 4.1a boundaries and point charge at centre :                 1.000003
Task 4.1b boundaries and point charge at centre :                 0.900003
Task 4.1c boundaries and point charge at centre :                 1.934003



For i = 0.01m and j = 0.01m:
/users/xgb19123/PH510hub/Project4/monte_carlo.py:165: RuntimeWarning: invalid value encountered in sqrt
  final_error = prefactor1*np.sqrt(final_var)  # our error
/users/xgb19123/PH510hub/Project4/monte_carlo.py:165: RuntimeWarning: invalid value encountered in sqrt
  final_error = prefactor1*np.sqrt(final_var)  # our error
/users/xgb19123/PH510hub/Project4/monte_carlo.py:165: RuntimeWarning: invalid value encountered in sqrt
  final_error = prefactor1*np.sqrt(final_var)  # our error
[[0.    0.066 0.148 ... 0.    0.    0.   ]
 [0.064 0.    0.    ... 0.    0.    0.   ]
 [0.164 0.    0.    ... 0.    0.    0.   ]
 ...
 [0.    0.    0.    ... 0.    0.    0.   ]
 [0.    0.    0.    ... 0.    0.    0.   ]
 [0.    0.    0.    ... 0.    0.    0.   ]]
Potential
Task 4.1a: All boundaries 1V :                 potential = 1.000000
Task 4.1b: T:1V, B:1V, L:-1V, R:-1V :                 potential = -0.026000
Task 4.1c: T:2V, B:0V, L:2V, R:-4V :                 potential = 1.998000

Task 4.1a boundaries and uniform grid :                 1.000003
Task 4.1b boundaries and uniform grid :                 -0.025997
Task 4.1c boundaries and uniform grid :                 1.998003

Task 4.1a boundaries and uniform gradient :                 1.000000
Task 4.1b boundaries and uniform gradient :                 -0.026000
Task 4.1c boundaries and uniform gradient :                 1.998000

Task 4.1a boundaries and point charge at centre :                 1.000000
Task 4.1b boundaries and point charge at centre :                 -0.026000
Task 4.1c boundaries and point charge at centre :                 1.998000



/users/xgb19123/PH510hub/Project4/monte_carlo.py:165: RuntimeWarning: invalid value encountered in sqrt
  final_error = prefactor1*np.sqrt(final_var)  # our error
===================================================================================
SLURM job 12012844 ended:     Sun May 11 20:26:41 BST 2025 (Unix Epoch time: 1746991601)
This is an estimated end time using the 'date' command from node wee12.hpc.strath.ac.uk
For accurate timings, use 'sacct -j 12012844 -X --format=Submit,Start,End,Elapsed'
======================================================================================
