===================================================================================
SLURM Job ID:            12013038
Submit time:             Sun May 11 22:34:34 BST 2025 (Unix Epoch time: 1746999274)
Start time:              Sun May 11 22:35:21 BST 2025 (Unix Epoch time: 1746999321)
No. nodes:               1
No. tasks:               8
Job name:                PH510Assignment4
Account:                 teaching
QoS:                     teaching
Partition (queue):       teaching
Submit directory:        /users/xgb19123/PH510hub/Project4
Script name:             /users/xgb19123/PH510hub/Project4/walk.sh
Master node:             wee12
Nodes used:              wee12
Task distribution:       block:block
===================================================================================

For i = 5.0cm and j = 5.0cm:
[[0.0e+00 1.1e-04 2.8e-04 ... 1.8e-04 1.4e-04 0.0e+00]
 [9.0e-05 0.0e+00 0.0e+00 ... 0.0e+00 0.0e+00 7.0e-05]
 [2.2e-04 0.0e+00 0.0e+00 ... 0.0e+00 0.0e+00 2.2e-04]
 ...
 [2.0e-04 0.0e+00 0.0e+00 ... 0.0e+00 0.0e+00 1.7e-04]
 [7.0e-05 0.0e+00 0.0e+00 ... 0.0e+00 0.0e+00 1.2e-04]
 [0.0e+00 1.4e-04 2.3e-04 ... 1.6e-04 7.0e-05 0.0e+00]]
Potential
Task 4.1a: All boundaries 1V :                 potential = 1.000000
Task 4.1b: T:1V, B:1V, L:-1V, R:-1V :                 potential = 0.000140
Task 4.1c: T:2V, B:0V, L:2V, R:-4V :                 potential = 0.074340

Task 4.1a boundaries and uniform grid :                 1.000295
Task 4.1b boundaries and uniform grid :                 0.000435
Task 4.1c boundaries and uniform grid :                 0.074635

Task 4.1a boundaries and uniform gradient :                 1.000015
Task 4.1b boundaries and uniform gradient :                 0.000155
Task 4.1c boundaries and uniform gradient :                 0.074355

Task 4.1a boundaries and point charge at centre :                 1.000227
Task 4.1b boundaries and point charge at centre :                 0.000367
Task 4.1c boundaries and point charge at centre :                 0.074567



For i = 2.5cm and j = 2.5cm:
[[0.00e+00 6.30e-04 9.30e-04 ... 1.00e-04 8.00e-05 0.00e+00]
 [4.20e-04 0.00e+00 0.00e+00 ... 0.00e+00 0.00e+00 4.00e-05]
 [1.11e-03 0.00e+00 0.00e+00 ... 0.00e+00 0.00e+00 1.20e-04]
 ...
 [9.00e-05 0.00e+00 0.00e+00 ... 0.00e+00 0.00e+00 1.00e-05]
 [6.00e-05 0.00e+00 0.00e+00 ... 0.00e+00 0.00e+00 3.00e-05]
 [0.00e+00 4.00e-05 6.00e-05 ... 6.00e-05 2.00e-05 0.00e+00]]
Potential
Task 4.1a: All boundaries 1V :                 potential = 1.000000
Task 4.1b: T:1V, B:1V, L:-1V, R:-1V :                 potential = 0.002720
Task 4.1c: T:2V, B:0V, L:2V, R:-4V :                 potential = 1.480120

Task 4.1a boundaries and uniform grid :                 1.000176
Task 4.1b boundaries and uniform grid :                 0.002896
Task 4.1c boundaries and uniform grid :                 1.480296

Task 4.1a boundaries and uniform gradient :                 1.000011
Task 4.1b boundaries and uniform gradient :                 0.002731
Task 4.1c boundaries and uniform gradient :                 1.480131

Task 4.1a boundaries and point charge at centre :                 1.000026
Task 4.1b boundaries and point charge at centre :                 0.002746
Task 4.1c boundaries and point charge at centre :                 1.480146



For i = 0.1cm and j = 2.5cm:
[[0.0e+00 1.0e-04 1.4e-04 ... 0.0e+00 1.0e-05 0.0e+00]
 [4.0e-05 0.0e+00 0.0e+00 ... 0.0e+00 0.0e+00 0.0e+00]
 [1.8e-04 0.0e+00 0.0e+00 ... 0.0e+00 0.0e+00 0.0e+00]
 ...
 [0.0e+00 0.0e+00 0.0e+00 ... 0.0e+00 0.0e+00 0.0e+00]
 [0.0e+00 0.0e+00 0.0e+00 ... 0.0e+00 0.0e+00 1.0e-05]
 [0.0e+00 0.0e+00 1.0e-05 ... 0.0e+00 0.0e+00 0.0e+00]]
Potential
Task 4.1a: All boundaries 1V :                 potential = 1.000000
Task 4.1b: T:1V, B:1V, L:-1V, R:-1V :                 potential = 0.948340
Task 4.1c: T:2V, B:0V, L:2V, R:-4V :                 potential = 1.977240

Task 4.1a boundaries and uniform grid :                 1.000011
Task 4.1b boundaries and uniform grid :                 0.948351
Task 4.1c boundaries and uniform grid :                 1.977251

Task 4.1a boundaries and uniform gradient :                 1.000001
Task 4.1b boundaries and uniform gradient :                 0.948341
Task 4.1c boundaries and uniform gradient :                 1.977241

Task 4.1a boundaries and point charge at centre :                 1.000001
Task 4.1b boundaries and point charge at centre :                 0.948341
Task 4.1c boundaries and point charge at centre :                 1.977241



For i = 0.1cm and j = 0.1cm:
/users/xgb19123/PH510hub/Project4/monte_carlo.py:165: RuntimeWarning: invalid value encountered in sqrt
  final_error = prefactor1*np.sqrt(final_var)  # our error
/users/xgb19123/PH510hub/Project4/monte_carlo.py:165: RuntimeWarning: invalid value encountered in sqrt
  final_error = prefactor1*np.sqrt(final_var)  # our error
/users/xgb19123/PH510hub/Project4/monte_carlo.py:165: RuntimeWarning: invalid value encountered in sqrt
  final_error = prefactor1*np.sqrt(final_var)  # our error
/users/xgb19123/PH510hub/Project4/monte_carlo.py:165: RuntimeWarning: invalid value encountered in sqrt
  final_error = prefactor1*np.sqrt(final_var)  # our error
/users/xgb19123/PH510hub/Project4/monte_carlo.py:165: RuntimeWarning: invalid value encountered in sqrt
  final_error = prefactor1*np.sqrt(final_var)  # our error
/users/xgb19123/PH510hub/Project4/monte_carlo.py:165: RuntimeWarning: invalid value encountered in sqrt
  final_error = prefactor1*np.sqrt(final_var)  # our error
/users/xgb19123/PH510hub/Project4/monte_carlo.py:165: RuntimeWarning: invalid value encountered in sqrt
  final_error = prefactor1*np.sqrt(final_var)  # our error
[[0.      0.30055 0.10381 ... 0.      0.      0.     ]
 [0.30415 0.      0.      ... 0.      0.      0.     ]
 [0.10566 0.      0.      ... 0.      0.      0.     ]
 ...
 [0.      0.      0.      ... 0.      0.      0.     ]
 [0.      0.      0.      ... 0.      0.      0.     ]
 [0.      0.      0.      ... 0.      0.      0.     ]]
Potential
Task 4.1a: All boundaries 1V :                 potential = 1.000000
Task 4.1b: T:1V, B:1V, L:-1V, R:-1V :                 potential = -0.004340
Task 4.1c: T:2V, B:0V, L:2V, R:-4V :                 potential = 1.999120

Task 4.1a boundaries and uniform grid :                 1.000001
Task 4.1b boundaries and uniform grid :                 -0.004339
Task 4.1c boundaries and uniform grid :                 1.999121

Task 4.1a boundaries and uniform gradient :                 1.000000
Task 4.1b boundaries and uniform gradient :                 -0.004340
Task 4.1c boundaries and uniform gradient :                 1.999120

Task 4.1a boundaries and point charge at centre :                 1.000000
Task 4.1b boundaries and point charge at centre :                 -0.004340
Task 4.1c boundaries and point charge at centre :                 1.999120



/users/xgb19123/PH510hub/Project4/monte_carlo.py:165: RuntimeWarning: invalid value encountered in sqrt
  final_error = prefactor1*np.sqrt(final_var)  # our error
===================================================================================
SLURM job 12013038 ended:     Sun May 11 23:06:22 BST 2025 (Unix Epoch time: 1747001182)
This is an estimated end time using the 'date' command from node wee12.hpc.strath.ac.uk
For accurate timings, use 'sacct -j 12013038 -X --format=Submit,Start,End,Elapsed'
======================================================================================
