===================================================================================
SLURM Job ID:            11816995
Submit time:             Wed Mar 05 22:32:26 GMT 2025 (Unix Epoch time: 1741213946)
Start time:              Wed Mar 05 22:33:50 GMT 2025 (Unix Epoch time: 1741214030)
No. nodes:               1
No. tasks:               4
Job name:                PH510Assignment3
Account:                 teaching
QoS:                     teaching
Partition (queue):       teaching-gpu
Submit directory:        /users/xgb19123/PH510/PH510/Project3
Script name:             /users/xgb19123/PH510/PH510/Project3/mc.sh
Master node:             weegpu4
Nodes used:              weegpu4
Task distribution:       block:block
===================================================================================

Evaluating integral of x^2 between [3] and [6]: (Integral: 63.012980608239836, Var: 7.64806154268608e-05, Err: 0.00022944184628058238)
5D Sphere with radius 1: (Integral: 5.262560000000001, Var: 1.7176194121875004e-07, Err: 5.496382119000001e-06)
Real value: 5.263789013914324
5D Sphere with radius 3: (Integral: 1278.77292, Var: 1.717587954667969e-07, Err: 0.0013355963935498128)
Real value: 1279.1007303811807
===================================================================================
SLURM job 11816995 ended:     Wed Mar 05 22:32:47 GMT 2025 (Unix Epoch time: 1741213967)
This is an estimated end time using the 'date' command from node weegpu4.hpc.strath.ac.uk
For accurate timings, use 'sacct -j 11816995 -X --format=Submit,Start,End,Elapsed'
======================================================================================
