===================================================================================
SLURM Job ID:            11867206
Submit time:             Tue Mar 18 20:32:21 GMT 2025 (Unix Epoch time: 1742329941)
Start time:              Tue Mar 18 20:34:12 GMT 2025 (Unix Epoch time: 1742330052)
No. nodes:               1
No. tasks:               2
Job name:                PH510Assignment3
Account:                 teaching
QoS:                     teaching
Partition (queue):       teaching
Submit directory:        /users/xgb19123/PH510/PH510/Project3
Script name:             /users/xgb19123/PH510/PH510/Project3/mc.sh
Master node:             wee12
Nodes used:              wee12
Task distribution:       block:block
===================================================================================

TASK 1 - Shapes
2D Circle with radius 1: (Integral: 3.143, Var: 1.683e-07, Err: 0.001641)
2D Real value: 3.142
2D Time taken: 39.873549699783325s
3D Sphere with radius 1: (Integral: 4.191, Var: 2.494e-07, Err: 0.003995)
3D Real value: 4.189
3D Time taken: 40.70766568183899s
4D Hypersphere with radius 1: (Integral: 4.944, Var: 2.135e-07, Err: 0.007393)
4D Real value: 4.935
4D Time taken: 41.42071461677551s
5D Hypersphere with radius 1: (Integral: 5.257, Var: 1.373e-07, Err: 0.01186)
5D Real value: 5.264
5D Time taken: 42.16603207588196s


TASK 2 - Gaussian
1D Gaussian with mean 4 and SD 0.4: (Integral: 1.012, Var: 1.842e-05, Err: 0.008583)
Time taken: 46.94817757606506
1D Gaussian with mean 3 and SD 0.2: (Integral: 0.995, Var: 1.05e-05, Err: 0.006481)
Time taken: 46.97713112831116
6D Gaussian with mean [2 5 6 9 4 2] and SD [0.2 0.4 0.1 0.3 0.2 0.5]: (Integral: 0.9501, Var: 9.185e-07, Err: 0.06134)
Time taken: 56.71372866630554
Real value should always be 1.0 (normalised function)


IMPORTANCE SAMPLING TEST 1: 2^x from -4 to 0
Real value: 1.353
With importance sampling: (Integral: 1.352, Var: 1.698e-07, Err: 0.0004121)
Time taken: 22.766477823257446
Without importance sampling: (Integral: 1.353, Var: 6.519e-08, Err: 0.001021)
Time taken: 7.817412853240967


IMPORTANCE SAMPLING TEST 2: exp(-x^3) from 0 to 2
Real value: 0.8929
With importance sampling: (Integral: 0.8931, Var: 1.544e-07, Err: 0.0003929)
Time taken: 24.666378259658813
Without importance sampling: (Integral: 0.8918, Var: 1.55e-07, Err: 0.0007873)
Time taken: 9.867202043533325


IMPORTANCE SAMPLING TEST 3: exp(-x^2) from 0 to 1
Real value: 0.7468
With importance sampling: (Integral: 0.7469, Var: 3.027e-09, Err: 5.502e-05)
Time taken: 22.477856397628784
Without importance sampling: (Integral: 0.7466, Var: 4.035e-08, Err: 0.0002009)
Time taken: 7.430471658706665


===================================================================================
SLURM job 11867206 ended:     Tue Mar 18 20:37:27 GMT 2025 (Unix Epoch time: 1742330247)
This is an estimated end time using the 'date' command from node wee12.hpc.strath.ac.uk
For accurate timings, use 'sacct -j 11867206 -X --format=Submit,Start,End,Elapsed'
======================================================================================
