===================================================================================
SLURM Job ID:            11867253
Submit time:             Tue Mar 18 20:45:38 GMT 2025 (Unix Epoch time: 1742330738)
Start time:              Tue Mar 18 20:46:12 GMT 2025 (Unix Epoch time: 1742330772)
No. nodes:               1
No. tasks:               8
Job name:                PH510Assignment3
Account:                 teaching
QoS:                     teaching
Partition (queue):       teaching
Submit directory:        /users/xgb19123/PH510/PH510/Project3
Script name:             /users/xgb19123/PH510/PH510/Project3/mc.sh
Master node:             wee21
Nodes used:              wee21
Task distribution:       block:block
===================================================================================

TASK 1 - Shapes
2D Circle with radius 1: (Integral: 3.141, Var: 1.686e-07, Err: 0.001643)
2D Real value: 3.142
2D Time taken: 9.891460418701172s
3D Sphere with radius 1: (Integral: 4.185, Var: 2.495e-07, Err: 0.003996)
3D Real value: 4.189
3D Time taken: 10.185542583465576s
4D Hypersphere with radius 1: (Integral: 4.934, Var: 2.133e-07, Err: 0.007389)
4D Real value: 4.935
4D Time taken: 10.378039121627808s
5D Hypersphere with radius 1: (Integral: 5.272, Var: 1.376e-07, Err: 0.01187)
5D Real value: 5.264
5D Time taken: 10.591529369354248s


TASK 2 - Gaussian
1D Gaussian with mean 4 and SD 0.4: (Integral: 1.001, Var: 1.82e-05, Err: 0.008532)
Time taken: 11.952823162078857
1D Gaussian with mean 3 and SD 0.2: (Integral: 1.001, Var: 1.057e-05, Err: 0.006501)
Time taken: 11.934533834457397
6D Gaussian with mean [2 5 6 9 4 2] and SD [0.2 0.4 0.1 0.3 0.2 0.5]: (Integral: 0.9417, Var: 9.022e-07, Err: 0.06079)
Time taken: 14.234923362731934
Real value should always be 1.0 (normalised function)


IMPORTANCE SAMPLING TEST 1: 2^x from -4 to 0
Real value: 1.353
With importance sampling: (Integral: 1.353, Var: 1.702e-07, Err: 0.0004126)
Time taken: 5.849294662475586
Without importance sampling: (Integral: 1.353, Var: 6.525e-08, Err: 0.001022)
Time taken: 1.9798600673675537


IMPORTANCE SAMPLING TEST 2: exp(-x^3) from 0 to 2
Real value: 0.8929
With importance sampling: (Integral: 0.893, Var: 1.545e-07, Err: 0.0003931)
Time taken: 6.277496099472046
Without importance sampling: (Integral: 0.8923, Var: 1.55e-07, Err: 0.0007875)
Time taken: 2.5223443508148193


IMPORTANCE SAMPLING TEST 3: exp(-x^2) from 0 to 1
Real value: 0.7468
With importance sampling: (Integral: 0.7469, Var: 3.028e-09, Err: 5.503e-05)
Time taken: 5.735761642456055
Without importance sampling: (Integral: 0.7467, Var: 4.038e-08, Err: 0.0002009)
Time taken: 1.9144716262817383


===================================================================================
SLURM job 11867253 ended:     Tue Mar 18 20:44:23 GMT 2025 (Unix Epoch time: 1742330663)
This is an estimated end time using the 'date' command from node wee21.hpc.strath.ac.uk
For accurate timings, use 'sacct -j 11867253 -X --format=Submit,Start,End,Elapsed'
======================================================================================
