************* Module tasks
tasks.py:261:9: E1123: Unexpected keyword argument 'seed' in constructor call (unexpected-keyword-arg)
tasks.py:261:9: E1123: Unexpected keyword argument 'method' in constructor call (unexpected-keyword-arg)
tasks.py:261:9: E1124: Argument 'variables' passed by position and keyword in constructor call (redundant-keyword-arg)
tasks.py:267:9: E1123: Unexpected keyword argument 'seed' in constructor call (unexpected-keyword-arg)
tasks.py:267:9: E1123: Unexpected keyword argument 'method' in constructor call (unexpected-keyword-arg)
tasks.py:267:9: E1124: Argument 'variables' passed by position and keyword in constructor call (redundant-keyword-arg)
tasks.py:273:14: E1123: Unexpected keyword argument 'seed' in constructor call (unexpected-keyword-arg)
tasks.py:273:14: E1123: Unexpected keyword argument 'method' in constructor call (unexpected-keyword-arg)
tasks.py:273:14: E1124: Argument 'variables' passed by position and keyword in constructor call (redundant-keyword-arg)
tasks.py:279:15: E1123: Unexpected keyword argument 'seed' in constructor call (unexpected-keyword-arg)
tasks.py:279:15: E1123: Unexpected keyword argument 'method' in constructor call (unexpected-keyword-arg)
tasks.py:279:15: E1124: Argument 'variables' passed by position and keyword in constructor call (redundant-keyword-arg)
tasks.py:306:14: E1123: Unexpected keyword argument 'seed' in constructor call (unexpected-keyword-arg)
tasks.py:306:14: E1123: Unexpected keyword argument 'method' in constructor call (unexpected-keyword-arg)
tasks.py:306:14: E1124: Argument 'variables' passed by position and keyword in constructor call (redundant-keyword-arg)
tasks.py:308:15: E1123: Unexpected keyword argument 'seed' in constructor call (unexpected-keyword-arg)
tasks.py:308:15: E1123: Unexpected keyword argument 'method' in constructor call (unexpected-keyword-arg)
tasks.py:308:15: E1124: Argument 'variables' passed by position and keyword in constructor call (redundant-keyword-arg)
tasks.py:316:15: E1123: Unexpected keyword argument 'seed' in constructor call (unexpected-keyword-arg)
tasks.py:316:15: E1123: Unexpected keyword argument 'method' in constructor call (unexpected-keyword-arg)
tasks.py:316:15: E1124: Argument 'variables' passed by position and keyword in constructor call (redundant-keyword-arg)
tasks.py:329:29: E1123: Unexpected keyword argument 'seed' in constructor call (unexpected-keyword-arg)
tasks.py:329:29: E1123: Unexpected keyword argument 'method' in constructor call (unexpected-keyword-arg)
tasks.py:329:29: E1123: Unexpected keyword argument 'func2' in constructor call (unexpected-keyword-arg)
tasks.py:329:29: E1123: Unexpected keyword argument 'func3' in constructor call (unexpected-keyword-arg)
tasks.py:333:32: E1123: Unexpected keyword argument 'seed' in constructor call (unexpected-keyword-arg)
tasks.py:333:32: E1123: Unexpected keyword argument 'method' in constructor call (unexpected-keyword-arg)
tasks.py:346:29: E1123: Unexpected keyword argument 'seed' in constructor call (unexpected-keyword-arg)
tasks.py:346:29: E1123: Unexpected keyword argument 'method' in constructor call (unexpected-keyword-arg)
tasks.py:346:29: E1123: Unexpected keyword argument 'func2' in constructor call (unexpected-keyword-arg)
tasks.py:346:29: E1123: Unexpected keyword argument 'func3' in constructor call (unexpected-keyword-arg)
tasks.py:350:32: E1123: Unexpected keyword argument 'seed' in constructor call (unexpected-keyword-arg)
tasks.py:350:32: E1123: Unexpected keyword argument 'method' in constructor call (unexpected-keyword-arg)
tasks.py:352:0: C0103: Constant name "real_value_importance_sampling_2" doesn't conform to UPPER_CASE naming style (invalid-name)
tasks.py:363:29: E1123: Unexpected keyword argument 'seed' in constructor call (unexpected-keyword-arg)
tasks.py:363:29: E1123: Unexpected keyword argument 'method' in constructor call (unexpected-keyword-arg)
tasks.py:363:29: E1123: Unexpected keyword argument 'func2' in constructor call (unexpected-keyword-arg)
tasks.py:363:29: E1123: Unexpected keyword argument 'func3' in constructor call (unexpected-keyword-arg)
tasks.py:367:32: E1123: Unexpected keyword argument 'seed' in constructor call (unexpected-keyword-arg)
tasks.py:367:32: E1123: Unexpected keyword argument 'method' in constructor call (unexpected-keyword-arg)
tasks.py:370:0: C0103: Constant name "real_value_importance_sampling_3" doesn't conform to UPPER_CASE naming style (invalid-name)

------------------------------------------------------------------
Your code has been rated at 0.00/10 (previous run: 8.98/10, -8.98)

