===================================================================================
SLURM Job ID:            11815369
Submit time:             Wed Mar 05 18:24:53 GMT 2025 (Unix Epoch time: 1741199093)
Start time:              Wed Mar 05 18:24:54 GMT 2025 (Unix Epoch time: 1741199094)
No. nodes:               1
No. tasks:               4
Job name:                PH510Assignment3
Account:                 teaching
QoS:                     teaching
Partition (queue):       teaching-gpu
Submit directory:        /users/xgb19123/PH510/PH510/Project3
Script name:             /users/xgb19123/PH510/PH510/Project3/mc.sh
Master node:             weegpu4
Nodes used:              weegpu4
Task distribution:       block:block
===================================================================================

Circle with R =  3
Monte-Carlo value: (28.27899)
Real value: 28.274333882308138
Sphere with R =  3
Monte-Carlo value: (112.9113)
Real value: 113.09733552923254
4D 'sphere' with R =  3
Monte-Carlo value: (398.49732)
Real value: 399.718978244119
===================================================================================
SLURM job 11815369 ended:     Wed Mar 05 18:23:41 GMT 2025 (Unix Epoch time: 1741199021)
This is an estimated end time using the 'date' command from node weegpu4.hpc.strath.ac.uk
For accurate timings, use 'sacct -j 11815369 -X --format=Submit,Start,End,Elapsed'
======================================================================================
