===================================================================================
SLURM Job ID:            11861466
Submit time:             Mon Mar 17 23:40:58 GMT 2025 (Unix Epoch time: 1742254858)
Start time:              Mon Mar 17 23:42:12 GMT 2025 (Unix Epoch time: 1742254932)
No. nodes:               1
No. tasks:               4
Job name:                PH510Assignment3
Account:                 teaching
QoS:                     teaching
Partition (queue):       teaching-gpu
Submit directory:        /users/xgb19123/PH510/PH510/Project3
Script name:             /users/xgb19123/PH510/PH510/Project3/mc.sh
Master node:             weegpu4
Nodes used:              weegpu4
Task distribution:       block:block
===================================================================================

TASK 1 - Shapes
2D Circle with radius 1: [3.14285200e+00 1.68368082e-07 1.64130719e-03]
Real value: [3.14159265]
3D Sphere with radius 1: [4.19391200e+00 2.49412471e-07 3.99529700e-03]
Real value: [4.1887902]
4D Hypersphere with radius 1: [4.94436800e+00 2.13527785e-07 7.39345069e-03]
Real value: [4.9348022]
5D Hypersphere with radius 1: [5.26601600e+00 1.37482019e-07 1.18651417e-02]
Real value: [5.26378901]


TASK 2 - Gaussian
1D Gaussian with mean 4 and SD 0.4: [1.00339630e+00 1.82487744e-05 8.54371684e-03]
1D Gaussian with mean 3 and SD 0.2: [9.85360581e-01 1.04131405e-05 6.45387962e-03]
6D Gaussian with mean [2 5 6 9 4 2] and SD [0.2 0.4 0.1 0.3 0.2 0.5]: [9.51235978e-01 9.25441891e-07 6.15679299e-02]
Real value should always be 1.0 (normalised function)


===================================================================================
SLURM job 11861466 ended:     Mon Mar 17 23:39:52 GMT 2025 (Unix Epoch time: 1742254792)
This is an estimated end time using the 'date' command from node weegpu4.hpc.strath.ac.uk
For accurate timings, use 'sacct -j 11861466 -X --format=Submit,Start,End,Elapsed'
======================================================================================
