===================================================================================
SLURM Job ID:            11815204
Submit time:             Wed Mar 05 17:43:56 GMT 2025 (Unix Epoch time: 1741196636)
Start time:              Wed Mar 05 17:44:20 GMT 2025 (Unix Epoch time: 1741196660)
No. nodes:               1
No. tasks:               4
Job name:                PH510Assignment3
Account:                 teaching
QoS:                     teaching
Partition (queue):       teaching-gpu
Submit directory:        /users/xgb19123/PH510/PH510/Project3
Script name:             /users/xgb19123/PH510/PH510/Project3/mc.sh
Master node:             weegpu4
Nodes used:              weegpu4
Task distribution:       block:block
===================================================================================

Circle with R =  1
Monte carlo value: (3.14211)
Actual value: 3.141592653589793
Sphere with R =  1
Monte carlo value: (4.1819)
Actual value: 4.1887902047863905
Circle with R =  3
Monte carlo value: (28.27899)
Actual value: 28.274333882308138
Sphere with R =  3
Monte carlo value: (112.9113)
Actual value: 113.09733552923254
===================================================================================
SLURM job 11815204 ended:     Wed Mar 05 17:43:08 GMT 2025 (Unix Epoch time: 1741196588)
This is an estimated end time using the 'date' command from node weegpu4.hpc.strath.ac.uk
For accurate timings, use 'sacct -j 11815204 -X --format=Submit,Start,End,Elapsed'
======================================================================================
