===================================================================================
SLURM Job ID:            11813358
Submit time:             Wed Mar 05 00:04:27 GMT 2025 (Unix Epoch time: 1741133067)
Start time:              Wed Mar 05 00:04:55 GMT 2025 (Unix Epoch time: 1741133095)
No. nodes:               1
No. tasks:               4
Job name:                PH510Assignment3
Account:                 teaching
QoS:                     teaching
Partition (queue):       teaching-gpu
Submit directory:        /users/xgb19123/PH510/PH510/Project3
Script name:             /users/xgb19123/PH510/PH510/Project3/mc.sh
Master node:             weegpu4
Nodes used:              weegpu4
Task distribution:       block:block
===================================================================================

Circle
Monte carlo value: (3.14211)
Actual value: 3.141592653589793
Sphere
Monte carlo value: (4.1819)
Actual value: 4.1887902047863905
===================================================================================
SLURM job 11813358 ended:     Wed Mar 05 00:03:49 GMT 2025 (Unix Epoch time: 1741133029)
This is an estimated end time using the 'date' command from node weegpu4.hpc.strath.ac.uk
For accurate timings, use 'sacct -j 11813358 -X --format=Submit,Start,End,Elapsed'
======================================================================================
