===================================================================================
SLURM Job ID:            11813332
Submit time:             Tue Mar 04 22:32:02 GMT 2025 (Unix Epoch time: 1741127522)
Start time:              Tue Mar 04 22:33:48 GMT 2025 (Unix Epoch time: 1741127628)
No. nodes:               1
No. tasks:               4
Job name:                PH510Assignment3
Account:                 teaching
QoS:                     teaching
Partition (queue):       teaching-gpu
Submit directory:        /users/xgb19123/PH510/PH510/Project3
Script name:             /users/xgb19123/PH510/PH510/Project3/mc.sh
Master node:             weegpu4
Nodes used:              weegpu4
Task distribution:       block:block
===================================================================================

Test function x^2 between 2 and 3: (Integral: [1.26705915], Var: [1.61838411e-05], Err: [1.61838411e-05])
Circle with x 1 to 5 and y 2 to 6: (Integral: [2.06612293 3.46924638], Var: [0.00011316 0.00023519], Err: [0.00011316 0.00023519])
===================================================================================
SLURM job 11813332 ended:     Tue Mar 04 22:32:43 GMT 2025 (Unix Epoch time: 1741127563)
This is an estimated end time using the 'date' command from node weegpu4.hpc.strath.ac.uk
For accurate timings, use 'sacct -j 11813332 -X --format=Submit,Start,End,Elapsed'
======================================================================================
