===================================================================================
SLURM Job ID:            11816448
Submit time:             Wed Mar 05 21:03:39 GMT 2025 (Unix Epoch time: 1741208619)
Start time:              Wed Mar 05 21:03:39 GMT 2025 (Unix Epoch time: 1741208619)
No. nodes:               1
No. tasks:               4
Job name:                PH510Assignment3
Account:                 teaching
QoS:                     teaching
Partition (queue):       teaching-gpu
Submit directory:        /users/xgb19123/PH510/PH510/Project3
Script name:             /users/xgb19123/PH510/PH510/Project3/mc.sh
Master node:             weegpu4
Nodes used:              weegpu4
Task distribution:       block:block
===================================================================================

5D Sphere with x -1 to 1: (Integral: 1.3156400000000001, Var: 1.7176194121875004e-07, Err: 5.496382119000001e-06)
===================================================================================
SLURM job 11816448 ended:     Wed Mar 05 21:02:28 GMT 2025 (Unix Epoch time: 1741208548)
This is an estimated end time using the 'date' command from node weegpu4.hpc.strath.ac.uk
For accurate timings, use 'sacct -j 11816448 -X --format=Submit,Start,End,Elapsed'
======================================================================================
