===================================================================================
SLURM Job ID:            12071131
Submit time:             Thu May 15 18:04:14 BST 2025 (Unix Epoch time: 1747328654)
Start time:              Thu May 15 18:04:28 BST 2025 (Unix Epoch time: 1747328668)
No. nodes:               1
No. tasks:               2
Job name:                PH510Assignment4
Account:                 teaching
QoS:                     teaching
Partition (queue):       teaching
Submit directory:        /users/xgb19123/PH510hub/Project4
Script name:             /users/xgb19123/PH510hub/Project4/walk.sh
Master node:             wee10
Nodes used:              wee10
Task distribution:       block:block
===================================================================================

For i = 5.0cm and              j = 5.0cm:
[[0.    0.    0.    ... 0.    0.    0.   ]
 [0.    0.    0.    ... 0.    0.    0.   ]
 [0.    0.    0.    ... 0.    0.    0.001]
 ...
 [0.001 0.    0.    ... 0.    0.    0.   ]
 [0.    0.    0.    ... 0.    0.    0.   ]
 [0.    0.    0.    ... 0.001 0.002 0.   ]]
Average error: 6.161825771043263e-05 

Potential
Task 4.1a: All boundaries 1V :                 potential = 1.000000
Task 4.1b: T:1V, B:1V, L:-1V, R:-1V :                 potential = -0.026000
Task 4.1c: T:2V, B:0V, L:2V, R:-4V :                 potential = 0.036000

Task 4.1a boundaries and uniform grid :                 1.000000
Task 4.1b boundaries and uniform grid :                 -0.026000
Task 4.1c boundaries and uniform grid :                 0.036000

Task 4.1a boundaries and uniform gradient :                 1.000000
Task 4.1b boundaries and uniform gradient :                 -0.026000
Task 4.1c boundaries and uniform gradient :                 0.036000

Task 4.1a boundaries and point charge at centre :                 1.000000
Task 4.1b boundaries and point charge at centre :                 -0.026000
Task 4.1c boundaries and point charge at centre :                 0.036000



For i = 2.5cm and              j = 2.5cm:
[[0.    0.    0.    ... 0.    0.    0.   ]
 [0.    0.    0.    ... 0.    0.    0.   ]
 [0.003 0.    0.    ... 0.    0.    0.   ]
 ...
 [0.    0.    0.    ... 0.    0.    0.   ]
 [0.    0.    0.    ... 0.    0.    0.   ]
 [0.    0.    0.    ... 0.    0.    0.   ]]
Average error: 5.2881536402096213e-05 

Potential
Task 4.1a: All boundaries 1V :                 potential = 1.000000
Task 4.1b: T:1V, B:1V, L:-1V, R:-1V :                 potential = -0.026000
Task 4.1c: T:2V, B:0V, L:2V, R:-4V :                 potential = 1.428000

Task 4.1a boundaries and uniform grid :                 1.000000
Task 4.1b boundaries and uniform grid :                 -0.026000
Task 4.1c boundaries and uniform grid :                 1.428000

Task 4.1a boundaries and uniform gradient :                 1.000000
Task 4.1b boundaries and uniform gradient :                 -0.026000
Task 4.1c boundaries and uniform gradient :                 1.428000

Task 4.1a boundaries and point charge at centre :                 1.000000
Task 4.1b boundaries and point charge at centre :                 -0.026000
Task 4.1c boundaries and point charge at centre :                 1.428000



For i = 0.1cm and              j = 2.5cm:
[[0.    0.    0.001 ... 0.    0.    0.   ]
 [0.    0.    0.    ... 0.    0.    0.   ]
 [0.    0.    0.    ... 0.    0.    0.   ]
 ...
 [0.    0.    0.    ... 0.    0.    0.   ]
 [0.    0.    0.    ... 0.    0.    0.   ]
 [0.    0.    0.001 ... 0.    0.    0.   ]]
Average error: 2.4117154168809154e-05 

Potential
Task 4.1a: All boundaries 1V :                 potential = 1.000000
Task 4.1b: T:1V, B:1V, L:-1V, R:-1V :                 potential = 0.924000
Task 4.1c: T:2V, B:0V, L:2V, R:-4V :                 potential = 1.942000

Task 4.1a boundaries and uniform grid :                 1.000000
Task 4.1b boundaries and uniform grid :                 0.924000
Task 4.1c boundaries and uniform grid :                 1.942000

Task 4.1a boundaries and uniform gradient :                 1.000000
Task 4.1b boundaries and uniform gradient :                 0.924000
Task 4.1c boundaries and uniform gradient :                 1.942000

Task 4.1a boundaries and point charge at centre :                 1.000000
Task 4.1b boundaries and point charge at centre :                 0.924000
Task 4.1c boundaries and point charge at centre :                 1.942000



For i = 0.1cm and              j = 0.1cm:
[[0.    0.317 0.093 ... 0.    0.    0.   ]
 [0.309 0.    0.    ... 0.    0.    0.   ]
 [0.085 0.    0.    ... 0.    0.    0.   ]
 ...
 [0.    0.    0.    ... 0.    0.    0.   ]
 [0.    0.    0.    ... 0.    0.    0.   ]
 [0.    0.    0.    ... 0.    0.    0.   ]]
Average error: 1.3711688308725046e-05 

Potential
Task 4.1a: All boundaries 1V :                 potential = 1.000000
Task 4.1b: T:1V, B:1V, L:-1V, R:-1V :                 potential = 0.032000
Task 4.1c: T:2V, B:0V, L:2V, R:-4V :                 potential = 2.000000

Task 4.1a boundaries and uniform grid :                 1.000000
Task 4.1b boundaries and uniform grid :                 0.032000
Task 4.1c boundaries and uniform grid :                 2.000000

Task 4.1a boundaries and uniform gradient :                 1.000000
Task 4.1b boundaries and uniform gradient :                 0.032000
Task 4.1c boundaries and uniform gradient :                 2.000000

Task 4.1a boundaries and point charge at centre :                 1.000000
Task 4.1b boundaries and point charge at centre :                 0.032000
Task 4.1c boundaries and point charge at centre :                 2.000000



===================================================================================
SLURM job 12071131 ended:     Thu May 15 18:02:43 BST 2025 (Unix Epoch time: 1747328563)
This is an estimated end time using the 'date' command from node wee10.hpc.strath.ac.uk
For accurate timings, use 'sacct -j 12071131 -X --format=Submit,Start,End,Elapsed'
======================================================================================
