===================================================================================
SLURM Job ID:            12071300
Submit time:             Thu May 15 19:21:00 BST 2025 (Unix Epoch time: 1747333260)
Start time:              Thu May 15 19:21:50 BST 2025 (Unix Epoch time: 1747333310)
No. nodes:               1
No. tasks:               8
Job name:                PH510Assignment4
Account:                 teaching
QoS:                     teaching
Partition (queue):       teaching
Submit directory:        /users/xgb19123/PH510hub/Project4
Script name:             /users/xgb19123/PH510hub/Project4/walk.sh
Master node:             wee10
Nodes used:              wee10
Task distribution:       block:block
===================================================================================

For i = 5.0cm and              j = 5.0cm:
[[0.      0.00015 0.00023 ... 0.00017 0.00016 0.     ]
 [0.00019 0.      0.      ... 0.      0.      0.00012]
 [0.00025 0.      0.      ... 0.      0.      0.00026]
 ...
 [0.00021 0.      0.      ... 0.      0.      0.00025]
 [0.0001  0.      0.      ... 0.      0.      0.00014]
 [0.      0.00012 0.00019 ... 0.00016 0.0001  0.     ]]
Average error: 7.130564934229012e-06 

Potential
Task 4.1a: All boundaries 1V :                 potential = 1.000000
Task 4.1b: T:1V, B:1V, L:-1V, R:-1V :                 potential = 0.001800
Task 4.1c: T:2V, B:0V, L:2V, R:-4V :                 potential = 0.002380

Task 4.1a boundaries and uniform grid :                 1.000000
Task 4.1b boundaries and uniform grid :                 0.001800
Task 4.1c boundaries and uniform grid :                 0.002380

Task 4.1a boundaries and uniform gradient :                 1.000000
Task 4.1b boundaries and uniform gradient :                 0.001800
Task 4.1c boundaries and uniform gradient :                 0.002380

Task 4.1a boundaries and point charge at centre :                 1.000000
Task 4.1b boundaries and point charge at centre :                 0.001800
Task 4.1c boundaries and point charge at centre :                 0.002380



For i = 2.5cm and              j = 2.5cm:
[[0.0e+00 4.7e-04 8.7e-04 ... 9.0e-05 5.0e-05 0.0e+00]
 [4.1e-04 0.0e+00 0.0e+00 ... 0.0e+00 0.0e+00 6.0e-05]
 [9.5e-04 0.0e+00 0.0e+00 ... 0.0e+00 0.0e+00 1.3e-04]
 ...
 [1.1e-04 0.0e+00 0.0e+00 ... 0.0e+00 0.0e+00 5.0e-05]
 [7.0e-05 0.0e+00 0.0e+00 ... 0.0e+00 0.0e+00 4.0e-05]
 [0.0e+00 6.0e-05 1.0e-04 ... 3.0e-05 0.0e+00 0.0e+00]]
Average error: 6.525302348418575e-06 

Potential
Task 4.1a: All boundaries 1V :                 potential = 1.000000
Task 4.1b: T:1V, B:1V, L:-1V, R:-1V :                 potential = 0.003980
Task 4.1c: T:2V, B:0V, L:2V, R:-4V :                 potential = 1.454980

Task 4.1a boundaries and uniform grid :                 1.000000
Task 4.1b boundaries and uniform grid :                 0.003980
Task 4.1c boundaries and uniform grid :                 1.454980

Task 4.1a boundaries and uniform gradient :                 1.000000
Task 4.1b boundaries and uniform gradient :                 0.003980
Task 4.1c boundaries and uniform gradient :                 1.454980

Task 4.1a boundaries and point charge at centre :                 1.000000
Task 4.1b boundaries and point charge at centre :                 0.003980
Task 4.1c boundaries and point charge at centre :                 1.454980



For i = 0.1cm and              j = 2.5cm:
[[0.0e+00 1.0e-04 1.2e-04 ... 0.0e+00 1.0e-05 0.0e+00]
 [6.0e-05 0.0e+00 0.0e+00 ... 0.0e+00 0.0e+00 0.0e+00]
 [1.5e-04 0.0e+00 0.0e+00 ... 0.0e+00 0.0e+00 0.0e+00]
 ...
 [0.0e+00 0.0e+00 0.0e+00 ... 0.0e+00 0.0e+00 0.0e+00]
 [0.0e+00 0.0e+00 0.0e+00 ... 0.0e+00 0.0e+00 0.0e+00]
 [0.0e+00 0.0e+00 0.0e+00 ... 0.0e+00 1.0e-05 0.0e+00]]
Average error: 2.97150080377556e-06 

Potential
Task 4.1a: All boundaries 1V :                 potential = 1.000000
Task 4.1b: T:1V, B:1V, L:-1V, R:-1V :                 potential = 0.947760
Task 4.1c: T:2V, B:0V, L:2V, R:-4V :                 potential = 1.977040

Task 4.1a boundaries and uniform grid :                 1.000000
Task 4.1b boundaries and uniform grid :                 0.947760
Task 4.1c boundaries and uniform grid :                 1.977040

Task 4.1a boundaries and uniform gradient :                 1.000000
Task 4.1b boundaries and uniform gradient :                 0.947760
Task 4.1c boundaries and uniform gradient :                 1.977040

Task 4.1a boundaries and point charge at centre :                 1.000000
Task 4.1b boundaries and point charge at centre :                 0.947760
Task 4.1c boundaries and point charge at centre :                 1.977040



For i = 0.1cm and              j = 0.1cm:
[[0.0000e+00 3.0244e-01 1.0521e-01 ... 0.0000e+00 0.0000e+00 0.0000e+00]
 [3.0198e-01 0.0000e+00 0.0000e+00 ... 0.0000e+00 0.0000e+00 0.0000e+00]
 [1.0538e-01 0.0000e+00 0.0000e+00 ... 0.0000e+00 0.0000e+00 0.0000e+00]
 ...
 [1.0000e-05 0.0000e+00 0.0000e+00 ... 0.0000e+00 0.0000e+00 0.0000e+00]
 [0.0000e+00 0.0000e+00 0.0000e+00 ... 0.0000e+00 0.0000e+00 0.0000e+00]
 [0.0000e+00 0.0000e+00 0.0000e+00 ... 0.0000e+00 0.0000e+00 0.0000e+00]]
Average error: 1.648607836125114e-06 

Potential
Task 4.1a: All boundaries 1V :                 potential = 1.000000
Task 4.1b: T:1V, B:1V, L:-1V, R:-1V :                 potential = 0.000800
Task 4.1c: T:2V, B:0V, L:2V, R:-4V :                 potential = 1.999580

Task 4.1a boundaries and uniform grid :                 1.000000
Task 4.1b boundaries and uniform grid :                 0.000800
Task 4.1c boundaries and uniform grid :                 1.999580

Task 4.1a boundaries and uniform gradient :                 1.000000
Task 4.1b boundaries and uniform gradient :                 0.000800
Task 4.1c boundaries and uniform gradient :                 1.999580

Task 4.1a boundaries and point charge at centre :                 1.000000
Task 4.1b boundaries and point charge at centre :                 0.000800
Task 4.1c boundaries and point charge at centre :                 1.999580



===================================================================================
SLURM job 12071300 ended:     Thu May 15 19:35:27 BST 2025 (Unix Epoch time: 1747334127)
This is an estimated end time using the 'date' command from node wee10.hpc.strath.ac.uk
For accurate timings, use 'sacct -j 12071300 -X --format=Submit,Start,End,Elapsed'
======================================================================================
