===================================================================================
SLURM Job ID:            11702923
Submit time:             Thu Jan 30 21:19:40 GMT 2025 (Unix Epoch time: 1738271980)
Start time:              Thu Jan 30 21:19:42 GMT 2025 (Unix Epoch time: 1738271982)
No. nodes:               1
No. tasks:               4
Job name:                Task1PH510
Account:                 teaching
QoS:                     teaching
Partition (queue):       teaching-gpu
Submit directory:        /users/xgb19123/PH510/PH510/Project1
Script name:             /users/xgb19123/PH510/PH510/Project1/ver3_4core.sh
Master node:             weegpu4
Nodes used:              weegpu4
Task distribution:       block:block
===================================================================================

The final calculation of pi for 4 workers is equal to 3.141592653589777
Total time taken: 5.960567474365234 s
===================================================================================
SLURM job 11702923 ended:     Thu Jan 30 21:19:22 GMT 2025 (Unix Epoch time: 1738271962)
This is an estimated end time using the 'date' command from node weegpu4.hpc.strath.ac.uk
For accurate timings, use 'sacct -j 11702923 -X --format=Submit,Start,End,Elapsed'
======================================================================================
